<?xml version="1.0" encoding="UTF-8"?>
<testsuite xmlns:xsi="http://www.w3.org/2001/XMLSchema-instance" xsi:noNamespaceSchemaLocation="https://maven.apache.org/surefire/maven-surefire-plugin/xsd/surefire-test-report-3.0.xsd" version="3.0" name="com.riamvn.AppTest" time="0.056" tests="6" errors="0" skipped="0" failures="0">
  <properties>
[...]
</properties>
  <testcase name="test11" classname="com.riamvn.AppTest" time="0.013">
    <system-out><![CDATA[1 book at 12.49
Quantity : 1
Purchased Item : book
Is Imported : false
Is Exempted : true
Price : 12.49
1 music CD at 14.99
Quantity : 1
Purchased Item : music CD
Is Imported : false
Is Exempted : false
Price : 14.99
1 chocolate bar at 0.85
Quantity : 1
Purchased Item : chocolate bar
Is Imported : false
Is Exempted : true
Price : 0.85
1 book at 12.49
Quantity : 1
Purchased Item : book
Is Imported : false
Is Exempted : true
Price : 12.49
1 music CD at 14.99
Quantity : 1
Purchased Item : music CD
Is Imported : false
Is Exempted : false
Price : 14.99
1 chocolate bar at 0.85
Quantity : 1
Purchased Item : chocolate bar
Is Imported : false
Is Exempted : true
Price : 0.85
]]></system-out>
  </testcase>
  <testcase name="test22" classname="com.riamvn.AppTest" time="0.004">
    <system-out><![CDATA[1 imported box of chocolates at 10.00
Quantity : 1
Purchased Item : imported box of chocolates
Is Imported : true
Is Exempted : true
Price : 10.0
1 imported bottle of perfume at 47.50
Quantity : 1
Purchased Item : imported bottle of perfume
Is Imported : true
Is Exempted : false
Price : 47.5
1 imported box of chocolates at 10.00
Quantity : 1
Purchased Item : imported box of chocolates
Is Imported : true
Is Exempted : true
Price : 10.0
1 imported bottle of perfume at 47.50
Quantity : 1
Purchased Item : imported bottle of perfume
Is Imported : true
Is Exempted : false
Price : 47.5
]]></system-out>
  </testcase>
  <testcase name="test33" classname="com.riamvn.AppTest" time="0.006">
    <system-out><![CDATA[1 imported bottle of perfume at 27.99 
Quantity : 1
Purchased Item : imported bottle of perfume
Is Imported : true
Is Exempted : false
Price : 27.99
1 bottle of perfume at 18.99
Quantity : 1
Purchased Item : bottle of perfume
Is Imported : false
Is Exempted : false
Price : 18.99
1 packet of headache pills at 9.75
Quantity : 1
Purchased Item : packet of headache pills
Is Imported : false
Is Exempted : true
Price : 9.75
1 box of imported chocolates at 11.25
Quantity : 1
Purchased Item : box of imported chocolates
Is Imported : true
Is Exempted : true
Price : 11.25
1 imported bottle of perfume at 27.99 
Quantity : 1
Purchased Item : imported bottle of perfume
Is Imported : true
Is Exempted : false
Price : 27.99
1 bottle of perfume at 18.99
Quantity : 1
Purchased Item : bottle of perfume
Is Imported : false
Is Exempted : false
Price : 18.99
1 packet of headache pills at 9.75
Quantity : 1
Purchased Item : packet of headache pills
Is Imported : false
Is Exempted : true
Price : 9.75
1 box of imported chocolates at 11.25
Quantity : 1
Purchased Item : box of imported chocolates
Is Imported : true
Is Exempted : true
Price : 11.25
]]></system-out>
  </testcase>
  <testcase name="test1" classname="com.riamvn.AppTest" time="0.004">
    <system-out><![CDATA[1 book at 12.49
Quantity : 1
Purchased Item : book
Is Imported : false
Is Exempted : true
Price : 12.49
1 music CD at 14.99
Quantity : 1
Purchased Item : music CD
Is Imported : false
Is Exempted : false
Price : 14.99
1 chocolate bar at 0.85
Quantity : 1
Purchased Item : chocolate bar
Is Imported : false
Is Exempted : true
Price : 0.85
1 book at 12.49
Quantity : 1
Purchased Item : book
Is Imported : false
Is Exempted : true
Price : 12.49
1 music CD at 14.99
Quantity : 1
Purchased Item : music CD
Is Imported : false
Is Exempted : false
Price : 14.99
1 chocolate bar at 0.85
Quantity : 1
Purchased Item : chocolate bar
Is Imported : false
Is Exempted : true
Price : 0.85
]]></system-out>
  </testcase>
  <testcase name="test2" classname="com.riamvn.AppTest" time="0.002">
    <system-out><![CDATA[1 imported box of chocolates at 10.00
Quantity : 1
Purchased Item : imported box of chocolates
Is Imported : true
Is Exempted : true
Price : 10.0
1 imported bottle of perfume at 47.50
Quantity : 1
Purchased Item : imported bottle of perfume
Is Imported : true
Is Exempted : false
Price : 47.5
1 imported box of chocolates at 10.00
Quantity : 1
Purchased Item : imported box of chocolates
Is Imported : true
Is Exempted : true
Price : 10.0
1 imported bottle of perfume at 47.50
Quantity : 1
Purchased Item : imported bottle of perfume
Is Imported : true
Is Exempted : false
Price : 47.5
]]></system-out>
  </testcase>
  <testcase name="test3" classname="com.riamvn.AppTest" time="0.005">
    <system-out><![CDATA[1 imported bottle of perfume at 27.99 
Quantity : 1
Purchased Item : imported bottle of perfume
Is Imported : true
Is Exempted : false
Price : 27.99
1 bottle of perfume at 18.99
Quantity : 1
Purchased Item : bottle of perfume
Is Imported : false
Is Exempted : false
Price : 18.99
1 packet of headache pills at 9.75
Quantity : 1
Purchased Item : packet of headache pills
Is Imported : false
Is Exempted : true
Price : 9.75
1 box of imported chocolates at 11.25
Quantity : 1
Purchased Item : box of imported chocolates
Is Imported : true
Is Exempted : true
Price : 11.25
1 imported bottle of perfume at 27.99 
Quantity : 1
Purchased Item : imported bottle of perfume
Is Imported : true
Is Exempted : false
Price : 27.99
1 bottle of perfume at 18.99
Quantity : 1
Purchased Item : bottle of perfume
Is Imported : false
Is Exempted : false
Price : 18.99
1 packet of headache pills at 9.75
Quantity : 1
Purchased Item : packet of headache pills
Is Imported : false
Is Exempted : true
Price : 9.75
1 box of imported chocolates at 11.25
Quantity : 1
Purchased Item : box of imported chocolates
Is Imported : true
Is Exempted : true
Price : 11.25
]]></system-out>
  </testcase>
</testsuite>